<?xml version="1.0" encoding="UTF-8"?>
<!-- Generated by org.testng.reporters.JUnitReportReporter -->
<testsuite hostname="Shubho" failures="0" tests="2" name="enxavi.MavenJava.AppiumTest" time="0.007" errors="0" timestamp="2020-05-11T03:27:51 IST" skipped="0">
  <testcase classname="enxavi.MavenJava.AppiumTest" name="IosApps" time="0.006"/>
  <system-out/>
  <testcase classname="enxavi.MavenJava.AppiumTest" name="NativeAppAndroid" time="0.001"/>
  <system-out/>
</testsuite> <!-- enxavi.MavenJava.AppiumTest -->
