<?xml version="1.0" encoding="UTF-8"?>
<!-- Generated by org.testng.reporters.JUnitReportReporter -->
<testsuite hostname="Shubho" failures="0" tests="2" name="enxavi.MavenJava.SeleniumTest" time="0.002" errors="0" timestamp="2020-05-11T03:21:54 IST" skipped="0">
  <testcase classname="enxavi.MavenJava.SeleniumTest" name="ElementsUI" time="0.001"/>
  <system-out/>
  <testcase classname="enxavi.MavenJava.SeleniumTest" name="BrowserAutomation" time="0.001"/>
  <system-out/>
</testsuite> <!-- enxavi.MavenJava.SeleniumTest -->
